# JRE version: Java(TM) SE Runtime Environment (8.0_201-b09) (build 1.8.0_201-b09)
# Java VM: Java HotSpot(TM) 64-Bit Server VM (25.201-b09 mixed mode bsd-amd64 compressed oops)
Heap:
 PSYoungGen      total 340480K, used 131485K [0x00000007aab00000, 0x00000007c0000000, 0x00000007c0000000)
  eden space 334848K, 37% used [0x00000007aab00000,0x00000007b2655400,0x00000007bf200000)
  from space 5632K, 92% used [0x00000007bf200000,0x00000007bf712020,0x00000007bf780000)
  to   space 7680K, 0% used [0x00000007bf880000,0x00000007bf880000,0x00000007c0000000)
 ParOldGen       total 578048K, used 418845K [0x0000000780000000, 0x00000007a3480000, 0x00000007aab00000)
  object space 578048K, 72% used [0x0000000780000000,0x0000000799907510,0x00000007a3480000)
 Metaspace       used 28666K, capacity 30672K, committed 30720K, reserved 1075200K
  class space    used 3924K, capacity 4319K, committed 4352K, reserved 1048576K
GC Heap History (10 events):
Event: 17354.782 GC heap before
{Heap before GC invocations=487 (full 6):
 PSYoungGen      total 343040K, used 341892K [0x00000007aab00000, 0x00000007c0000000, 0x00000007c0000000)
  eden space 337920K, 100% used [0x00000007aab00000,0x00000007bf500000,0x00000007bf500000)
  from space 5120K, 77% used [0x00000007bfb00000,0x00000007bfee1020,0x00000007c0000000)
  to   space 5632K, 0% used [0x00000007bf500000,0x00000007bf500000,0x00000007bfa80000)
 ParOldGen       total 578048K, used 407565K [0x0000000780000000, 0x00000007a3480000, 0x00000007aab00000)
  object space 578048K, 70% used [0x0000000780000000,0x0000000798e034c0,0x00000007a3480000)
 Metaspace       used 28665K, capacity 30672K, committed 30720K, reserved 1075200K
  class space    used 3924K, capacity 4319K, committed 4352K, reserved 1048576K
Event: 17354.805 GC heap after
Heap after GC invocations=487 (full 6):
 PSYoungGen      total 343552K, used 5224K [0x00000007aab00000, 0x00000007c0000000, 0x00000007c0000000)
  eden space 337920K, 0% used [0x00000007aab00000,0x00000007aab00000,0x00000007bf500000)
  from space 5632K, 92% used [0x00000007bf500000,0x00000007bfa1a020,0x00000007bfa80000)
  to   space 5632K, 0% used [0x00000007bfa80000,0x00000007bfa80000,0x00000007c0000000)
 ParOldGen       total 578048K, used 411345K [0x0000000780000000, 0x00000007a3480000, 0x00000007aab00000)
  object space 578048K, 71% used [0x0000000780000000,0x00000007991b44e0,0x00000007a3480000)
 Metaspace       used 28665K, capacity 30672K, committed 30720K, reserved 1075200K
  class space    used 3924K, capacity 4319K, committed 4352K, reserved 1048576K
}
Event: 17355.212 GC heap before
{Heap before GC invocations=488 (full 6):
 PSYoungGen      total 343552K, used 343144K [0x00000007aab00000, 0x00000007c0000000, 0x00000007c0000000)
  eden space 337920K, 100% used [0x00000007aab00000,0x00000007bf500000,0x00000007bf500000)
  from space 5632K, 92% used [0x00000007bf500000,0x00000007bfa1a020,0x00000007bfa80000)
  to   space 5632K, 0% used [0x00000007bfa80000,0x00000007bfa80000,0x00000007c0000000)
 ParOldGen       total 578048K, used 411345K [0x0000000780000000, 0x00000007a3480000, 0x00000007aab00000)
  object space 578048K, 71% used [0x0000000780000000,0x00000007991b44e0,0x00000007a3480000)
 Metaspace       used 28665K, capacity 30672K, committed 30720K, reserved 1075200K
  class space    used 3924K, capacity 4319K, committed 4352K, reserved 1048576K
Event: 17355.226 GC heap after
Heap after GC invocations=488 (full 6):
 PSYoungGen      total 341504K, used 5224K [0x00000007aab00000, 0x00000007c0000000, 0x00000007c0000000)
  eden space 335872K, 0% used [0x00000007aab00000,0x00000007aab00000,0x00000007bf300000)
  from space 5632K, 92% used [0x00000007bfa80000,0x00000007bff9a020,0x00000007c0000000)
  to   space 6656K, 0% used [0x00000007bf300000,0x00000007bf300000,0x00000007bf980000)
 ParOldGen       total 578048K, used 413845K [0x0000000780000000, 0x00000007a3480000, 0x00000007aab00000)
  object space 578048K, 71% used [0x0000000780000000,0x00000007994254f0,0x00000007a3480000)
 Metaspace       used 28665K, capacity 30672K, committed 30720K, reserved 1075200K
  class space    used 3924K, capacity 4319K, committed 4352K, reserved 1048576K
}
Event: 17355.953 GC heap before
{Heap before GC invocations=489 (full 6):
 PSYoungGen      total 341504K, used 341096K [0x00000007aab00000, 0x00000007c0000000, 0x00000007c0000000)
  eden space 335872K, 100% used [0x00000007aab00000,0x00000007bf300000,0x00000007bf300000)
  from space 5632K, 92% used [0x00000007bfa80000,0x00000007bff9a020,0x00000007c0000000)
  to   space 6656K, 0% used [0x00000007bf300000,0x00000007bf300000,0x00000007bf980000)
 ParOldGen       total 578048K, used 413845K [0x0000000780000000, 0x00000007a3480000, 0x00000007aab00000)
  object space 578048K, 71% used [0x0000000780000000,0x00000007994254f0,0x00000007a3480000)
 Metaspace       used 28665K, capacity 30672K, committed 30720K, reserved 1075200K
  class space    used 3924K, capacity 4319K, committed 4352K, reserved 1048576K
Event: 17355.965 GC heap after
Heap after GC invocations=489 (full 6):
 PSYoungGen      total 341504K, used 5224K [0x00000007aab00000, 0x00000007c0000000, 0x00000007c0000000)
  eden space 335872K, 0% used [0x00000007aab00000,0x00000007aab00000,0x00000007bf300000)
  from space 5632K, 92% used [0x00000007bf300000,0x00000007bf81a020,0x00000007bf880000)
  to   space 7168K, 0% used [0x00000007bf900000,0x00000007bf900000,0x00000007c0000000)
 ParOldGen       total 578048K, used 416345K [0x0000000780000000, 0x00000007a3480000, 0x00000007aab00000)
  object space 578048K, 72% used [0x0000000780000000,0x0000000799696500,0x00000007a3480000)
 Metaspace       used 28665K, capacity 30672K, committed 30720K, reserved 1075200K
  class space    used 3924K, capacity 4319K, committed 4352K, reserved 1048576K
}
Event: 17356.176 GC heap before
{Heap before GC invocations=490 (full 6):
 PSYoungGen      total 341504K, used 341096K [0x00000007aab00000, 0x00000007c0000000, 0x00000007c0000000)
  eden space 335872K, 100% used [0x00000007aab00000,0x00000007bf300000,0x00000007bf300000)
  from space 5632K, 92% used [0x00000007bf300000,0x00000007bf81a020,0x00000007bf880000)
  to   space 7168K, 0% used [0x00000007bf900000,0x00000007bf900000,0x00000007c0000000)
 ParOldGen       total 578048K, used 416345K [0x0000000780000000, 0x00000007a3480000, 0x00000007aab00000)
  object space 578048K, 72% used [0x0000000780000000,0x0000000799696500,0x00000007a3480000)
 Metaspace       used 28665K, capacity 30672K, committed 30720K, reserved 1075200K
  class space    used 3924K, capacity 4319K, committed 4352K, reserved 1048576K
Event: 17356.181 GC heap after
Heap after GC invocations=490 (full 6):
 PSYoungGen      total 342016K, used 2692K [0x00000007aab00000, 0x00000007c0000000, 0x00000007c0000000)
  eden space 334848K, 0% used [0x00000007aab00000,0x00000007aab00000,0x00000007bf200000)
  from space 7168K, 37% used [0x00000007bf900000,0x00000007bfba1010,0x00000007c0000000)
  to   space 7168K, 0% used [0x00000007bf200000,0x00000007bf200000,0x00000007bf900000)
 ParOldGen       total 578048K, used 416345K [0x0000000780000000, 0x00000007a3480000, 0x00000007aab00000)
  object space 578048K, 72% used [0x0000000780000000,0x0000000799696500,0x00000007a3480000)
 Metaspace       used 28665K, capacity 30672K, committed 30720K, reserved 1075200K
  class space    used 3924K, capacity 4319K, committed 4352K, reserved 1048576K
}
Event: 17356.544 GC heap before
{Heap before GC invocations=491 (full 6):
 PSYoungGen      total 342016K, used 337540K [0x00000007aab00000, 0x00000007c0000000, 0x00000007c0000000)
  eden space 334848K, 100% used [0x00000007aab00000,0x00000007bf200000,0x00000007bf200000)
  from space 7168K, 37% used [0x00000007bf900000,0x00000007bfba1010,0x00000007c0000000)
  to   space 7168K, 0% used [0x00000007bf200000,0x00000007bf200000,0x00000007bf900000)
 ParOldGen       total 578048K, used 416345K [0x0000000780000000, 0x00000007a3480000, 0x00000007aab00000)
  object space 578048K, 72% used [0x0000000780000000,0x0000000799696500,0x00000007a3480000)
 Metaspace       used 28666K, capacity 30672K, committed 30720K, reserved 1075200K
  class space    used 3924K, capacity 4319K, committed 4352K, reserved 1048576K
Event: 17356.556 GC heap after
Heap after GC invocations=491 (full 6):
 PSYoungGen      total 340480K, used 5192K [0x00000007aab00000, 0x00000007c0000000, 0x00000007c0000000)
  eden space 334848K, 0% used [0x00000007aab00000,0x00000007aab00000,0x00000007bf200000)
  from space 5632K, 92% used [0x00000007bf200000,0x00000007bf712020,0x00000007bf780000)
  to   space 7680K, 0% used [0x00000007bf880000,0x00000007bf880000,0x00000007c0000000)
 ParOldGen       total 578048K, used 418845K [0x0000000780000000, 0x00000007a3480000, 0x00000007aab00000)
  object space 578048K, 72% used [0x0000000780000000,0x0000000799907510,0x00000007a3480000)
 Metaspace       used 28666K, capacity 30672K, committed 30720K, reserved 1075200K
  class space    used 3924K, capacity 4319K, committed 4352K, reserved 1048576K
}

